2023/04/14 09:18:14 server.go:3217: http: panic serving 127.0.0.1:59498: runtime error: invalid memory address or nil pointer dereference
goroutine 162 [running]:
net/http.(*conn).serve.func1()
	C:/Program Files/Go/src/net/http/server.go:1854 +0xbf
panic({0x7ff6e8d0bb00, 0x7ff6e8cbc0b0})
	C:/Program Files/Go/src/runtime/panic.go:890 +0x263
text/template.errRecover(0xc0003c9970)
	C:/Program Files/Go/src/text/template/exec.go:170 +0x165
panic({0x7ff6e8d0bb00, 0x7ff6e8cbc0b0})
	C:/Program Files/Go/src/runtime/panic.go:884 +0x213
text/template.(*Template).execute(0x0, {0x7ff6e8df0980?, 0xc0000c8380?}, {0x7ff6e8cf2b60?, 0x7ff6e8df0030?})
	C:/Program Files/Go/src/text/template/exec.go:221 +0x22c
text/template.(*Template).Execute(...)
	C:/Program Files/Go/src/text/template/exec.go:207
todo_app/app/models/controllers.top({0x7ff6e8df2bb0?, 0xc0000c8380?}, 0xffffffffffffffff?)
	C:/Users/owner/go_projects/todo_app/app/models/controllers/route_main.go:10 +0x93
net/http.HandlerFunc.ServeHTTP(0xc000112280?, {0x7ff6e8df2bb0?, 0xc0000c8380?}, 0x7ff6e886ecc8?)
	C:/Program Files/Go/src/net/http/server.go:2122 +0x2f
net/http.(*ServeMux).ServeHTTP(0x0?, {0x7ff6e8df2bb0, 0xc0000c8380}, 0xc0003b8100)
	C:/Program Files/Go/src/net/http/server.go:2500 +0x149
net/http.serverHandler.ServeHTTP({0xc0000240f0?}, {0x7ff6e8df2bb0, 0xc0000c8380}, 0xc0003b8100)
	C:/Program Files/Go/src/net/http/server.go:2936 +0x316
net/http.(*conn).serve(0xc0002ce2d0, {0x7ff6e8df2dd8, 0xc0000bd5c0})
	C:/Program Files/Go/src/net/http/server.go:1995 +0x612
created by net/http.(*Server).Serve
	C:/Program Files/Go/src/net/http/server.go:3089 +0x5ed
2023/04/14 09:18:14 server.go:3217: http: panic serving 127.0.0.1:59499: runtime error: invalid memory address or nil pointer dereference
goroutine 147 [running]:
net/http.(*conn).serve.func1()
	C:/Program Files/Go/src/net/http/server.go:1854 +0xbf
panic({0x7ff6e8d0bb00, 0x7ff6e8cbc0b0})
	C:/Program Files/Go/src/runtime/panic.go:890 +0x263
text/template.errRecover(0xc0003c5970)
	C:/Program Files/Go/src/text/template/exec.go:170 +0x165
panic({0x7ff6e8d0bb00, 0x7ff6e8cbc0b0})
	C:/Program Files/Go/src/runtime/panic.go:884 +0x213
text/template.(*Template).execute(0x0, {0x7ff6e8df0980?, 0xc0000c8540?}, {0x7ff6e8cf2b60?, 0x7ff6e8df0030?})
	C:/Program Files/Go/src/text/template/exec.go:221 +0x22c
text/template.(*Template).Execute(...)
	C:/Program Files/Go/src/text/template/exec.go:207
todo_app/app/models/controllers.top({0x7ff6e8df2bb0?, 0xc0000c8540?}, 0xffffffffffffffff?)
	C:/Users/owner/go_projects/todo_app/app/models/controllers/route_main.go:10 +0x93
net/http.HandlerFunc.ServeHTTP(0xc0003ca000?, {0x7ff6e8df2bb0?, 0xc0000c8540?}, 0x7ff6e886ecc8?)
	C:/Program Files/Go/src/net/http/server.go:2122 +0x2f
net/http.(*ServeMux).ServeHTTP(0x0?, {0x7ff6e8df2bb0, 0xc0000c8540}, 0xc000142100)
	C:/Program Files/Go/src/net/http/server.go:2500 +0x149
net/http.serverHandler.ServeHTTP({0xc000182360?}, {0x7ff6e8df2bb0, 0xc0000c8540}, 0xc000142100)
	C:/Program Files/Go/src/net/http/server.go:2936 +0x316
net/http.(*conn).serve(0xc0003ce000, {0x7ff6e8df2dd8, 0xc0000bd5c0})
	C:/Program Files/Go/src/net/http/server.go:1995 +0x612
created by net/http.(*Server).Serve
	C:/Program Files/Go/src/net/http/server.go:3089 +0x5ed
2023/04/14 09:18:14 server.go:3217: http: panic serving 127.0.0.1:59500: runtime error: invalid memory address or nil pointer dereference
goroutine 148 [running]:
net/http.(*conn).serve.func1()
	C:/Program Files/Go/src/net/http/server.go:1854 +0xbf
panic({0x7ff6e8d0bb00, 0x7ff6e8cbc0b0})
	C:/Program Files/Go/src/runtime/panic.go:890 +0x263
text/template.errRecover(0xc0003c9970)
	C:/Program Files/Go/src/text/template/exec.go:170 +0x165
panic({0x7ff6e8d0bb00, 0x7ff6e8cbc0b0})
	C:/Program Files/Go/src/runtime/panic.go:884 +0x213
text/template.(*Template).execute(0x0, {0x7ff6e8df0980?, 0xc0003e6000?}, {0x7ff6e8cf2b60?, 0x7ff6e8df0030?})
	C:/Program Files/Go/src/text/template/exec.go:221 +0x22c
text/template.(*Template).Execute(...)
	C:/Program Files/Go/src/text/template/exec.go:207
todo_app/app/models/controllers.top({0x7ff6e8df2bb0?, 0xc0003e6000?}, 0xffffffffffffffff?)
	C:/Users/owner/go_projects/todo_app/app/models/controllers/route_main.go:10 +0x93
net/http.HandlerFunc.ServeHTTP(0xc0003ca280?, {0x7ff6e8df2bb0?, 0xc0003e6000?}, 0x7ff6e886ecc8?)
	C:/Program Files/Go/src/net/http/server.go:2122 +0x2f
net/http.(*ServeMux).ServeHTTP(0x0?, {0x7ff6e8df2bb0, 0xc0003e6000}, 0xc000142200)
	C:/Program Files/Go/src/net/http/server.go:2500 +0x149
net/http.serverHandler.ServeHTTP({0xc000182660?}, {0x7ff6e8df2bb0, 0xc0003e6000}, 0xc000142200)
	C:/Program Files/Go/src/net/http/server.go:2936 +0x316
net/http.(*conn).serve(0xc0003ce090, {0x7ff6e8df2dd8, 0xc0000bd5c0})
	C:/Program Files/Go/src/net/http/server.go:1995 +0x612
created by net/http.(*Server).Serve
	C:/Program Files/Go/src/net/http/server.go:3089 +0x5ed
2023/04/14 09:30:05 server.go:3217: http: panic serving 127.0.0.1:60317: runtime error: invalid memory address or nil pointer dereference
goroutine 7 [running]:
net/http.(*conn).serve.func1()
	C:/Program Files/Go/src/net/http/server.go:1854 +0xbf
panic({0x7ff787d2bb00, 0x7ff787cdc0b0})
	C:/Program Files/Go/src/runtime/panic.go:890 +0x263
text/template.errRecover(0xc000073960)
	C:/Program Files/Go/src/text/template/exec.go:170 +0x165
panic({0x7ff787d2bb00, 0x7ff787cdc0b0})
	C:/Program Files/Go/src/runtime/panic.go:884 +0x213
text/template.(*Template).execute(0x0, {0x7ff787e109c0?, 0xc00015c0e0?}, {0x7ff787d12b60?, 0x7ff787e10060?})
	C:/Program Files/Go/src/text/template/exec.go:221 +0x22c
text/template.(*Template).Execute(...)
	C:/Program Files/Go/src/text/template/exec.go:207
todo_app/app/models/controllers.top({0x7ff787e12bf0?, 0xc00015c0e0}, 0xffffffffffffffff?)
	C:/Users/owner/go_projects/todo_app/app/models/controllers/route_main.go:14 +0xce
net/http.HandlerFunc.ServeHTTP(0xc00007d900?, {0x7ff787e12bf0?, 0xc00015c0e0?}, 0x7ff78788ecc8?)
	C:/Program Files/Go/src/net/http/server.go:2122 +0x2f
net/http.(*ServeMux).ServeHTTP(0x0?, {0x7ff787e12bf0, 0xc00015c0e0}, 0xc00011e300)
	C:/Program Files/Go/src/net/http/server.go:2500 +0x149
net/http.serverHandler.ServeHTTP({0xc00007b6e0?}, {0x7ff787e12bf0, 0xc00015c0e0}, 0xc00011e300)
	C:/Program Files/Go/src/net/http/server.go:2936 +0x316
net/http.(*conn).serve(0xc00012a090, {0x7ff787e12e18, 0xc00007b5f0})
	C:/Program Files/Go/src/net/http/server.go:1995 +0x612
created by net/http.(*Server).Serve
	C:/Program Files/Go/src/net/http/server.go:3089 +0x5ed
2023/04/14 09:30:05 server.go:3217: http: panic serving 127.0.0.1:60318: runtime error: invalid memory address or nil pointer dereference
goroutine 18 [running]:
net/http.(*conn).serve.func1()
	C:/Program Files/Go/src/net/http/server.go:1854 +0xbf
panic({0x7ff787d2bb00, 0x7ff787cdc0b0})
	C:/Program Files/Go/src/runtime/panic.go:890 +0x263
text/template.errRecover(0xc00006f960)
	C:/Program Files/Go/src/text/template/exec.go:170 +0x165
panic({0x7ff787d2bb00, 0x7ff787cdc0b0})
	C:/Program Files/Go/src/runtime/panic.go:884 +0x213
text/template.(*Template).execute(0x0, {0x7ff787e109c0?, 0xc00015c2a0?}, {0x7ff787d12b60?, 0x7ff787e10060?})
	C:/Program Files/Go/src/text/template/exec.go:221 +0x22c
text/template.(*Template).Execute(...)
	C:/Program Files/Go/src/text/template/exec.go:207
todo_app/app/models/controllers.top({0x7ff787e12bf0?, 0xc00015c2a0}, 0xffffffffffffffff?)
	C:/Users/owner/go_projects/todo_app/app/models/controllers/route_main.go:14 +0xce
net/http.HandlerFunc.ServeHTTP(0xc00008a000?, {0x7ff787e12bf0?, 0xc00015c2a0?}, 0x7ff78788ecc8?)
	C:/Program Files/Go/src/net/http/server.go:2122 +0x2f
net/http.(*ServeMux).ServeHTTP(0x0?, {0x7ff787e12bf0, 0xc00015c2a0}, 0xc00011e200)
	C:/Program Files/Go/src/net/http/server.go:2500 +0x149
net/http.serverHandler.ServeHTTP({0xc00007b770?}, {0x7ff787e12bf0, 0xc00015c2a0}, 0xc00011e200)
	C:/Program Files/Go/src/net/http/server.go:2936 +0x316
net/http.(*conn).serve(0xc000092000, {0x7ff787e12e18, 0xc00007b5f0})
	C:/Program Files/Go/src/net/http/server.go:1995 +0x612
created by net/http.(*Server).Serve
	C:/Program Files/Go/src/net/http/server.go:3089 +0x5ed
2023/04/14 09:30:05 server.go:3217: http: panic serving 127.0.0.1:60331: runtime error: invalid memory address or nil pointer dereference
goroutine 11 [running]:
net/http.(*conn).serve.func1()
	C:/Program Files/Go/src/net/http/server.go:1854 +0xbf
panic({0x7ff787d2bb00, 0x7ff787cdc0b0})
	C:/Program Files/Go/src/runtime/panic.go:890 +0x263
text/template.errRecover(0xc0000b3960)
	C:/Program Files/Go/src/text/template/exec.go:170 +0x165
panic({0x7ff787d2bb00, 0x7ff787cdc0b0})
	C:/Program Files/Go/src/runtime/panic.go:884 +0x213
text/template.(*Template).execute(0x0, {0x7ff787e109c0?, 0xc00015c460?}, {0x7ff787d12b60?, 0x7ff787e10060?})
	C:/Program Files/Go/src/text/template/exec.go:221 +0x22c
text/template.(*Template).Execute(...)
	C:/Program Files/Go/src/text/template/exec.go:207
todo_app/app/models/controllers.top({0x7ff787e12bf0?, 0xc00015c460}, 0xffffffffffffffff?)
	C:/Users/owner/go_projects/todo_app/app/models/controllers/route_main.go:14 +0xce
net/http.HandlerFunc.ServeHTTP(0xc00007db80?, {0x7ff787e12bf0?, 0xc00015c460?}, 0x7ff78788ecc8?)
	C:/Program Files/Go/src/net/http/server.go:2122 +0x2f
net/http.(*ServeMux).ServeHTTP(0x0?, {0x7ff787e12bf0, 0xc00015c460}, 0xc0000a8000)
	C:/Program Files/Go/src/net/http/server.go:2500 +0x149
net/http.serverHandler.ServeHTTP({0xc00008e090?}, {0x7ff787e12bf0, 0xc00015c460}, 0xc0000a8000)
	C:/Program Files/Go/src/net/http/server.go:2936 +0x316
net/http.(*conn).serve(0xc00012a3f0, {0x7ff787e12e18, 0xc00007b5f0})
	C:/Program Files/Go/src/net/http/server.go:1995 +0x612
created by net/http.(*Server).Serve
	C:/Program Files/Go/src/net/http/server.go:3089 +0x5ed
2023/04/14 09:30:06 server.go:3217: http: panic serving 127.0.0.1:60332: runtime error: invalid memory address or nil pointer dereference
goroutine 13 [running]:
net/http.(*conn).serve.func1()
	C:/Program Files/Go/src/net/http/server.go:1854 +0xbf
panic({0x7ff787d2bb00, 0x7ff787cdc0b0})
	C:/Program Files/Go/src/runtime/panic.go:890 +0x263
text/template.errRecover(0xc00006f960)
	C:/Program Files/Go/src/text/template/exec.go:170 +0x165
panic({0x7ff787d2bb00, 0x7ff787cdc0b0})
	C:/Program Files/Go/src/runtime/panic.go:884 +0x213
text/template.(*Template).execute(0x0, {0x7ff787e109c0?, 0xc000226000?}, {0x7ff787d12b60?, 0x7ff787e10060?})
	C:/Program Files/Go/src/text/template/exec.go:221 +0x22c
text/template.(*Template).Execute(...)
	C:/Program Files/Go/src/text/template/exec.go:207
todo_app/app/models/controllers.top({0x7ff787e12bf0?, 0xc000226000}, 0xffffffffffffffff?)
	C:/Users/owner/go_projects/todo_app/app/models/controllers/route_main.go:14 +0xce
net/http.HandlerFunc.ServeHTTP(0xc0001c6000?, {0x7ff787e12bf0?, 0xc000226000?}, 0x7ff78788ecc8?)
	C:/Program Files/Go/src/net/http/server.go:2122 +0x2f
net/http.(*ServeMux).ServeHTTP(0x0?, {0x7ff787e12bf0, 0xc000226000}, 0xc0000a8100)
	C:/Program Files/Go/src/net/http/server.go:2500 +0x149
net/http.serverHandler.ServeHTTP({0xc00008e0f0?}, {0x7ff787e12bf0, 0xc000226000}, 0xc0000a8100)
	C:/Program Files/Go/src/net/http/server.go:2936 +0x316
net/http.(*conn).serve(0xc00012a5a0, {0x7ff787e12e18, 0xc00007b5f0})
	C:/Program Files/Go/src/net/http/server.go:1995 +0x612
created by net/http.(*Server).Serve
	C:/Program Files/Go/src/net/http/server.go:3089 +0x5ed
2023/04/14 09:30:06 server.go:3217: http: panic serving 127.0.0.1:60333: runtime error: invalid memory address or nil pointer dereference
goroutine 14 [running]:
net/http.(*conn).serve.func1()
	C:/Program Files/Go/src/net/http/server.go:1854 +0xbf
panic({0x7ff787d2bb00, 0x7ff787cdc0b0})
	C:/Program Files/Go/src/runtime/panic.go:890 +0x263
text/template.errRecover(0xc0000af960)
	C:/Program Files/Go/src/text/template/exec.go:170 +0x165
panic({0x7ff787d2bb00, 0x7ff787cdc0b0})
	C:/Program Files/Go/src/runtime/panic.go:884 +0x213
text/template.(*Template).execute(0x0, {0x7ff787e109c0?, 0xc0002261c0?}, {0x7ff787d12b60?, 0x7ff787e10060?})
	C:/Program Files/Go/src/text/template/exec.go:221 +0x22c
text/template.(*Template).Execute(...)
	C:/Program Files/Go/src/text/template/exec.go:207
todo_app/app/models/controllers.top({0x7ff787e12bf0?, 0xc0002261c0}, 0xffffffffffffffff?)
	C:/Users/owner/go_projects/todo_app/app/models/controllers/route_main.go:14 +0xce
net/http.HandlerFunc.ServeHTTP(0xc0001c6280?, {0x7ff787e12bf0?, 0xc0002261c0?}, 0x7ff78788ecc8?)
	C:/Program Files/Go/src/net/http/server.go:2122 +0x2f
net/http.(*ServeMux).ServeHTTP(0x0?, {0x7ff787e12bf0, 0xc0002261c0}, 0xc00020e000)
	C:/Program Files/Go/src/net/http/server.go:2500 +0x149
net/http.serverHandler.ServeHTTP({0xc000202030?}, {0x7ff787e12bf0, 0xc0002261c0}, 0xc00020e000)
	C:/Program Files/Go/src/net/http/server.go:2936 +0x316
net/http.(*conn).serve(0xc00012a630, {0x7ff787e12e18, 0xc00007b5f0})
	C:/Program Files/Go/src/net/http/server.go:1995 +0x612
created by net/http.(*Server).Serve
	C:/Program Files/Go/src/net/http/server.go:3089 +0x5ed
2023/04/14 09:30:06 server.go:3217: http: panic serving 127.0.0.1:60334: runtime error: invalid memory address or nil pointer dereference
goroutine 19 [running]:
net/http.(*conn).serve.func1()
	C:/Program Files/Go/src/net/http/server.go:1854 +0xbf
panic({0x7ff787d2bb00, 0x7ff787cdc0b0})
	C:/Program Files/Go/src/runtime/panic.go:890 +0x263
text/template.errRecover(0xc0000af960)
	C:/Program Files/Go/src/text/template/exec.go:170 +0x165
panic({0x7ff787d2bb00, 0x7ff787cdc0b0})
	C:/Program Files/Go/src/runtime/panic.go:884 +0x213
text/template.(*Template).execute(0x0, {0x7ff787e109c0?, 0xc000226380?}, {0x7ff787d12b60?, 0x7ff787e10060?})
	C:/Program Files/Go/src/text/template/exec.go:221 +0x22c
text/template.(*Template).Execute(...)
	C:/Program Files/Go/src/text/template/exec.go:207
todo_app/app/models/controllers.top({0x7ff787e12bf0?, 0xc000226380}, 0xffffffffffffffff?)
	C:/Users/owner/go_projects/todo_app/app/models/controllers/route_main.go:14 +0xce
net/http.HandlerFunc.ServeHTTP(0xc00008a280?, {0x7ff787e12bf0?, 0xc000226380?}, 0x7ff78788ecc8?)
	C:/Program Files/Go/src/net/http/server.go:2122 +0x2f
net/http.(*ServeMux).ServeHTTP(0x0?, {0x7ff787e12bf0, 0xc000226380}, 0xc00020e100)
	C:/Program Files/Go/src/net/http/server.go:2500 +0x149
net/http.serverHandler.ServeHTTP({0xc0002022d0?}, {0x7ff787e12bf0, 0xc000226380}, 0xc00020e100)
	C:/Program Files/Go/src/net/http/server.go:2936 +0x316
net/http.(*conn).serve(0xc000092090, {0x7ff787e12e18, 0xc00007b5f0})
	C:/Program Files/Go/src/net/http/server.go:1995 +0x612
created by net/http.(*Server).Serve
	C:/Program Files/Go/src/net/http/server.go:3089 +0x5ed
2023/04/14 09:30:36 server.go:3217: http: panic serving 127.0.0.1:60364: runtime error: invalid memory address or nil pointer dereference
goroutine 20 [running]:
net/http.(*conn).serve.func1()
	C:/Program Files/Go/src/net/http/server.go:1854 +0xbf
panic({0x7ff787d2bb00, 0x7ff787cdc0b0})
	C:/Program Files/Go/src/runtime/panic.go:890 +0x263
text/template.errRecover(0xc000317960)
	C:/Program Files/Go/src/text/template/exec.go:170 +0x165
panic({0x7ff787d2bb00, 0x7ff787cdc0b0})
	C:/Program Files/Go/src/runtime/panic.go:884 +0x213
text/template.(*Template).execute(0x0, {0x7ff787e109c0?, 0xc000226540?}, {0x7ff787d12b60?, 0x7ff787e10060?})
	C:/Program Files/Go/src/text/template/exec.go:221 +0x22c
text/template.(*Template).Execute(...)
	C:/Program Files/Go/src/text/template/exec.go:207
todo_app/app/models/controllers.top({0x7ff787e12bf0?, 0xc000226540}, 0xffffffffffffffff?)
	C:/Users/owner/go_projects/todo_app/app/models/controllers/route_main.go:14 +0xce
net/http.HandlerFunc.ServeHTTP(0xc00008a500?, {0x7ff787e12bf0?, 0xc000226540?}, 0x7ff78788ecc8?)
	C:/Program Files/Go/src/net/http/server.go:2122 +0x2f
net/http.(*ServeMux).ServeHTTP(0x0?, {0x7ff787e12bf0, 0xc000226540}, 0xc00020e200)
	C:/Program Files/Go/src/net/http/server.go:2500 +0x149
net/http.serverHandler.ServeHTTP({0xc000202420?}, {0x7ff787e12bf0, 0xc000226540}, 0xc00020e200)
	C:/Program Files/Go/src/net/http/server.go:2936 +0x316
net/http.(*conn).serve(0xc000092120, {0x7ff787e12e18, 0xc00007b5f0})
	C:/Program Files/Go/src/net/http/server.go:1995 +0x612
created by net/http.(*Server).Serve
	C:/Program Files/Go/src/net/http/server.go:3089 +0x5ed
2023/04/14 09:30:44 server.go:3217: http: panic serving 127.0.0.1:60370: runtime error: invalid memory address or nil pointer dereference
goroutine 50 [running]:
net/http.(*conn).serve.func1()
	C:/Program Files/Go/src/net/http/server.go:1854 +0xbf
panic({0x7ff787d2bb00, 0x7ff787cdc0b0})
	C:/Program Files/Go/src/runtime/panic.go:890 +0x263
text/template.errRecover(0xc0000af960)
	C:/Program Files/Go/src/text/template/exec.go:170 +0x165
panic({0x7ff787d2bb00, 0x7ff787cdc0b0})
	C:/Program Files/Go/src/runtime/panic.go:884 +0x213
text/template.(*Template).execute(0x0, {0x7ff787e109c0?, 0xc0000c4000?}, {0x7ff787d12b60?, 0x7ff787e10060?})
	C:/Program Files/Go/src/text/template/exec.go:221 +0x22c
text/template.(*Template).Execute(...)
	C:/Program Files/Go/src/text/template/exec.go:207
todo_app/app/models/controllers.top({0x7ff787e12bf0?, 0xc0000c4000}, 0xffffffffffffffff?)
	C:/Users/owner/go_projects/todo_app/app/models/controllers/route_main.go:14 +0xce
net/http.HandlerFunc.ServeHTTP(0xc000288000?, {0x7ff787e12bf0?, 0xc0000c4000?}, 0x7ff78788ecc8?)
	C:/Program Files/Go/src/net/http/server.go:2122 +0x2f
net/http.(*ServeMux).ServeHTTP(0x0?, {0x7ff787e12bf0, 0xc0000c4000}, 0xc0000a8200)
	C:/Program Files/Go/src/net/http/server.go:2500 +0x149
net/http.serverHandler.ServeHTTP({0xc00008e270?}, {0x7ff787e12bf0, 0xc0000c4000}, 0xc0000a8200)
	C:/Program Files/Go/src/net/http/server.go:2936 +0x316
net/http.(*conn).serve(0xc00028e000, {0x7ff787e12e18, 0xc00007b5f0})
	C:/Program Files/Go/src/net/http/server.go:1995 +0x612
created by net/http.(*Server).Serve
	C:/Program Files/Go/src/net/http/server.go:3089 +0x5ed
2023/04/14 09:30:44 server.go:3217: http: panic serving 127.0.0.1:60371: runtime error: invalid memory address or nil pointer dereference
goroutine 22 [running]:
net/http.(*conn).serve.func1()
	C:/Program Files/Go/src/net/http/server.go:1854 +0xbf
panic({0x7ff787d2bb00, 0x7ff787cdc0b0})
	C:/Program Files/Go/src/runtime/panic.go:890 +0x263
text/template.errRecover(0xc000317960)
	C:/Program Files/Go/src/text/template/exec.go:170 +0x165
panic({0x7ff787d2bb00, 0x7ff787cdc0b0})
	C:/Program Files/Go/src/runtime/panic.go:884 +0x213
text/template.(*Template).execute(0x0, {0x7ff787e109c0?, 0xc0002ac000?}, {0x7ff787d12b60?, 0x7ff787e10060?})
	C:/Program Files/Go/src/text/template/exec.go:221 +0x22c
text/template.(*Template).Execute(...)
	C:/Program Files/Go/src/text/template/exec.go:207
todo_app/app/models/controllers.top({0x7ff787e12bf0?, 0xc0002ac000}, 0xffffffffffffffff?)
	C:/Users/owner/go_projects/todo_app/app/models/controllers/route_main.go:14 +0xce
net/http.HandlerFunc.ServeHTTP(0xc00008aa00?, {0x7ff787e12bf0?, 0xc0002ac000?}, 0x7ff78788ecc8?)
	C:/Program Files/Go/src/net/http/server.go:2122 +0x2f
net/http.(*ServeMux).ServeHTTP(0x0?, {0x7ff787e12bf0, 0xc0002ac000}, 0xc000296000)
	C:/Program Files/Go/src/net/http/server.go:2500 +0x149
net/http.serverHandler.ServeHTTP({0xc0002840f0?}, {0x7ff787e12bf0, 0xc0002ac000}, 0xc000296000)
	C:/Program Files/Go/src/net/http/server.go:2936 +0x316
net/http.(*conn).serve(0xc000092240, {0x7ff787e12e18, 0xc00007b5f0})
	C:/Program Files/Go/src/net/http/server.go:1995 +0x612
created by net/http.(*Server).Serve
	C:/Program Files/Go/src/net/http/server.go:3089 +0x5ed
2023/04/14 09:30:44 server.go:3217: http: panic serving 127.0.0.1:60372: runtime error: invalid memory address or nil pointer dereference
goroutine 38 [running]:
net/http.(*conn).serve.func1()
	C:/Program Files/Go/src/net/http/server.go:1854 +0xbf
panic({0x7ff787d2bb00, 0x7ff787cdc0b0})
	C:/Program Files/Go/src/runtime/panic.go:890 +0x263
text/template.errRecover(0xc0000af960)
	C:/Program Files/Go/src/text/template/exec.go:170 +0x165
panic({0x7ff787d2bb00, 0x7ff787cdc0b0})
	C:/Program Files/Go/src/runtime/panic.go:884 +0x213
text/template.(*Template).execute(0x0, {0x7ff787e109c0?, 0xc0002ac1c0?}, {0x7ff787d12b60?, 0x7ff787e10060?})
	C:/Program Files/Go/src/text/template/exec.go:221 +0x22c
text/template.(*Template).Execute(...)
	C:/Program Files/Go/src/text/template/exec.go:207
todo_app/app/models/controllers.top({0x7ff787e12bf0?, 0xc0002ac1c0}, 0xffffffffffffffff?)
	C:/Users/owner/go_projects/todo_app/app/models/controllers/route_main.go:14 +0xce
net/http.HandlerFunc.ServeHTTP(0xc000330000?, {0x7ff787e12bf0?, 0xc0002ac1c0?}, 0x7ff78788ecc8?)
	C:/Program Files/Go/src/net/http/server.go:2122 +0x2f
net/http.(*ServeMux).ServeHTTP(0x0?, {0x7ff787e12bf0, 0xc0002ac1c0}, 0xc000296100)
	C:/Program Files/Go/src/net/http/server.go:2500 +0x149
net/http.serverHandler.ServeHTTP({0xc000284240?}, {0x7ff787e12bf0, 0xc0002ac1c0}, 0xc000296100)
	C:/Program Files/Go/src/net/http/server.go:2936 +0x316
net/http.(*conn).serve(0xc000210480, {0x7ff787e12e18, 0xc00007b5f0})
	C:/Program Files/Go/src/net/http/server.go:1995 +0x612
created by net/http.(*Server).Serve
	C:/Program Files/Go/src/net/http/server.go:3089 +0x5ed
2023/04/14 09:32:47 server.go:3217: http: panic serving 127.0.0.1:56578: runtime error: invalid memory address or nil pointer dereference
goroutine 7 [running]:
net/http.(*conn).serve.func1()
	C:/Program Files/Go/src/net/http/server.go:1854 +0xbf
panic({0x7ff6314cbb00, 0x7ff63147c0b0})
	C:/Program Files/Go/src/runtime/panic.go:890 +0x263
text/template.errRecover(0xc00006f960)
	C:/Program Files/Go/src/text/template/exec.go:170 +0x165
panic({0x7ff6314cbb00, 0x7ff63147c0b0})
	C:/Program Files/Go/src/runtime/panic.go:884 +0x213
text/template.(*Template).execute(0x0, {0x7ff6315b09c0?, 0xc0001ca000?}, {0x7ff6314b2b60?, 0x7ff6315b0070?})
	C:/Program Files/Go/src/text/template/exec.go:221 +0x22c
text/template.(*Template).Execute(...)
	C:/Program Files/Go/src/text/template/exec.go:207
todo_app/app/models/controllers.top({0x7ff6315b2bf0?, 0xc0001ca000}, 0xffffffffffffffff?)
	C:/Users/owner/go_projects/todo_app/app/models/controllers/route_main.go:14 +0xd6
net/http.HandlerFunc.ServeHTTP(0xc00007d900?, {0x7ff6315b2bf0?, 0xc0001ca000?}, 0x7ff63102ecc8?)
	C:/Program Files/Go/src/net/http/server.go:2122 +0x2f
net/http.(*ServeMux).ServeHTTP(0x0?, {0x7ff6315b2bf0, 0xc0001ca000}, 0xc000098000)
	C:/Program Files/Go/src/net/http/server.go:2500 +0x149
net/http.serverHandler.ServeHTTP({0xc00008c030?}, {0x7ff6315b2bf0, 0xc0001ca000}, 0xc000098000)
	C:/Program Files/Go/src/net/http/server.go:2936 +0x316
net/http.(*conn).serve(0xc00012a090, {0x7ff6315b2e18, 0xc00007b5f0})
	C:/Program Files/Go/src/net/http/server.go:1995 +0x612
created by net/http.(*Server).Serve
	C:/Program Files/Go/src/net/http/server.go:3089 +0x5ed
2023/04/14 09:32:47 server.go:3217: http: panic serving 127.0.0.1:56579: runtime error: invalid memory address or nil pointer dereference
goroutine 18 [running]:
net/http.(*conn).serve.func1()
	C:/Program Files/Go/src/net/http/server.go:1854 +0xbf
panic({0x7ff6314cbb00, 0x7ff63147c0b0})
	C:/Program Files/Go/src/runtime/panic.go:890 +0x263
text/template.errRecover(0xc0001af960)
	C:/Program Files/Go/src/text/template/exec.go:170 +0x165
panic({0x7ff6314cbb00, 0x7ff63147c0b0})
	C:/Program Files/Go/src/runtime/panic.go:884 +0x213
text/template.(*Template).execute(0x0, {0x7ff6315b09c0?, 0xc000152000?}, {0x7ff6314b2b60?, 0x7ff6315b0070?})
	C:/Program Files/Go/src/text/template/exec.go:221 +0x22c
text/template.(*Template).Execute(...)
	C:/Program Files/Go/src/text/template/exec.go:207
todo_app/app/models/controllers.top({0x7ff6315b2bf0?, 0xc000152000}, 0xffffffffffffffff?)
	C:/Users/owner/go_projects/todo_app/app/models/controllers/route_main.go:14 +0xd6
net/http.HandlerFunc.ServeHTTP(0xc000180000?, {0x7ff6315b2bf0?, 0xc000152000?}, 0x7ff63102ecc8?)
	C:/Program Files/Go/src/net/http/server.go:2122 +0x2f
net/http.(*ServeMux).ServeHTTP(0x0?, {0x7ff6315b2bf0, 0xc000152000}, 0xc0001a6000)
	C:/Program Files/Go/src/net/http/server.go:2500 +0x149
net/http.serverHandler.ServeHTTP({0xc000184090?}, {0x7ff6315b2bf0, 0xc000152000}, 0xc0001a6000)
	C:/Program Files/Go/src/net/http/server.go:2936 +0x316
net/http.(*conn).serve(0xc000188000, {0x7ff6315b2e18, 0xc00007b5f0})
	C:/Program Files/Go/src/net/http/server.go:1995 +0x612
created by net/http.(*Server).Serve
	C:/Program Files/Go/src/net/http/server.go:3089 +0x5ed
2023/04/14 09:32:47 server.go:3217: http: panic serving 127.0.0.1:56580: runtime error: invalid memory address or nil pointer dereference
goroutine 34 [running]:
net/http.(*conn).serve.func1()
	C:/Program Files/Go/src/net/http/server.go:1854 +0xbf
panic({0x7ff6314cbb00, 0x7ff63147c0b0})
	C:/Program Files/Go/src/runtime/panic.go:890 +0x263
text/template.errRecover(0xc0001af960)
	C:/Program Files/Go/src/text/template/exec.go:170 +0x165
panic({0x7ff6314cbb00, 0x7ff63147c0b0})
	C:/Program Files/Go/src/runtime/panic.go:884 +0x213
text/template.(*Template).execute(0x0, {0x7ff6315b09c0?, 0xc0000b4000?}, {0x7ff6314b2b60?, 0x7ff6315b0070?})
	C:/Program Files/Go/src/text/template/exec.go:221 +0x22c
text/template.(*Template).Execute(...)
	C:/Program Files/Go/src/text/template/exec.go:207
todo_app/app/models/controllers.top({0x7ff6315b2bf0?, 0xc0000b4000}, 0xffffffffffffffff?)
	C:/Users/owner/go_projects/todo_app/app/models/controllers/route_main.go:14 +0xd6
net/http.HandlerFunc.ServeHTTP(0xc00009a000?, {0x7ff6315b2bf0?, 0xc0000b4000?}, 0x7ff63102ecc8?)
	C:/Program Files/Go/src/net/http/server.go:2122 +0x2f
net/http.(*ServeMux).ServeHTTP(0x0?, {0x7ff6315b2bf0, 0xc0000b4000}, 0xc000098100)
	C:/Program Files/Go/src/net/http/server.go:2500 +0x149
net/http.serverHandler.ServeHTTP({0xc00008c120?}, {0x7ff6315b2bf0, 0xc0000b4000}, 0xc000098100)
	C:/Program Files/Go/src/net/http/server.go:2936 +0x316
net/http.(*conn).serve(0xc0000a0000, {0x7ff6315b2e18, 0xc00007b5f0})
	C:/Program Files/Go/src/net/http/server.go:1995 +0x612
created by net/http.(*Server).Serve
	C:/Program Files/Go/src/net/http/server.go:3089 +0x5ed
2023/04/14 09:39:41 server.go:3217: http: panic serving 127.0.0.1:55855: runtime error: invalid memory address or nil pointer dereference
goroutine 7 [running]:
net/http.(*conn).serve.func1()
	C:/Program Files/Go/src/net/http/server.go:1854 +0xbf
panic({0x7ff7fa8ebb00, 0x7ff7fa89c0b0})
	C:/Program Files/Go/src/runtime/panic.go:890 +0x263
text/template.errRecover(0xc00006f960)
	C:/Program Files/Go/src/text/template/exec.go:170 +0x165
panic({0x7ff7fa8ebb00, 0x7ff7fa89c0b0})
	C:/Program Files/Go/src/runtime/panic.go:884 +0x213
text/template.(*Template).execute(0x0, {0x7ff7fa9d09e0?, 0xc0001b2000?}, {0x7ff7fa8d2b60?, 0x7ff7fa9d0090?})
	C:/Program Files/Go/src/text/template/exec.go:221 +0x22c
text/template.(*Template).Execute(...)
	C:/Program Files/Go/src/text/template/exec.go:207
todo_app/app/models/controllers.top({0x7ff7fa9d2c10?, 0xc0001b2000}, 0xffffffffffffffff?)
	C:/Users/owner/go_projects/todo_app/app/models/controllers/route_main.go:14 +0xd6
net/http.HandlerFunc.ServeHTTP(0xc00007d900?, {0x7ff7fa9d2c10?, 0xc0001b2000?}, 0x7ff7fa44ecc8?)
	C:/Program Files/Go/src/net/http/server.go:2122 +0x2f
net/http.(*ServeMux).ServeHTTP(0x0?, {0x7ff7fa9d2c10, 0xc0001b2000}, 0xc000192000)
	C:/Program Files/Go/src/net/http/server.go:2500 +0x149
net/http.serverHandler.ServeHTTP({0xc000182030?}, {0x7ff7fa9d2c10, 0xc0001b2000}, 0xc000192000)
	C:/Program Files/Go/src/net/http/server.go:2936 +0x316
net/http.(*conn).serve(0xc00012a090, {0x7ff7fa9d2e38, 0xc00007b5f0})
	C:/Program Files/Go/src/net/http/server.go:1995 +0x612
created by net/http.(*Server).Serve
	C:/Program Files/Go/src/net/http/server.go:3089 +0x5ed
2023/04/14 09:46:14 server.go:3217: http: panic serving 127.0.0.1:56633: runtime error: invalid memory address or nil pointer dereference
goroutine 7 [running]:
net/http.(*conn).serve.func1()
	C:/Program Files/Go/src/net/http/server.go:1854 +0xbf
panic({0x7ff60c51bb00, 0x7ff60c4cc0b0})
	C:/Program Files/Go/src/runtime/panic.go:890 +0x263
text/template.errRecover(0xc00006f960)
	C:/Program Files/Go/src/text/template/exec.go:170 +0x165
panic({0x7ff60c51bb00, 0x7ff60c4cc0b0})
	C:/Program Files/Go/src/runtime/panic.go:884 +0x213
text/template.(*Template).execute(0x0, {0x7ff60c6009c0?, 0xc0001b6000?}, {0x7ff60c502b60?, 0x7ff60c600070?})
	C:/Program Files/Go/src/text/template/exec.go:221 +0x22c
text/template.(*Template).Execute(...)
	C:/Program Files/Go/src/text/template/exec.go:207
todo_app/app/models/controllers.top({0x7ff60c602bf0?, 0xc0001b6000}, 0xffffffffffffffff?)
	C:/Users/owner/go_projects/todo_app/app/models/controllers/route_main.go:14 +0xd6
net/http.HandlerFunc.ServeHTTP(0xc00007d900?, {0x7ff60c602bf0?, 0xc0001b6000?}, 0x7ff60c07ecc8?)
	C:/Program Files/Go/src/net/http/server.go:2122 +0x2f
net/http.(*ServeMux).ServeHTTP(0x0?, {0x7ff60c602bf0, 0xc0001b6000}, 0xc000098000)
	C:/Program Files/Go/src/net/http/server.go:2500 +0x149
net/http.serverHandler.ServeHTTP({0xc00008c030?}, {0x7ff60c602bf0, 0xc0001b6000}, 0xc000098000)
	C:/Program Files/Go/src/net/http/server.go:2936 +0x316
net/http.(*conn).serve(0xc00012a090, {0x7ff60c602e18, 0xc00007b5f0})
	C:/Program Files/Go/src/net/http/server.go:1995 +0x612
created by net/http.(*Server).Serve
	C:/Program Files/Go/src/net/http/server.go:3089 +0x5ed
2023/04/14 09:46:14 server.go:3217: http: panic serving 127.0.0.1:56634: runtime error: invalid memory address or nil pointer dereference
goroutine 8 [running]:
net/http.(*conn).serve.func1()
	C:/Program Files/Go/src/net/http/server.go:1854 +0xbf
panic({0x7ff60c51bb00, 0x7ff60c4cc0b0})
	C:/Program Files/Go/src/runtime/panic.go:890 +0x263
text/template.errRecover(0xc000197960)
	C:/Program Files/Go/src/text/template/exec.go:170 +0x165
panic({0x7ff60c51bb00, 0x7ff60c4cc0b0})
	C:/Program Files/Go/src/runtime/panic.go:884 +0x213
text/template.(*Template).execute(0x0, {0x7ff60c6009c0?, 0xc0001b61c0?}, {0x7ff60c502b60?, 0x7ff60c600070?})
	C:/Program Files/Go/src/text/template/exec.go:221 +0x22c
text/template.(*Template).Execute(...)
	C:/Program Files/Go/src/text/template/exec.go:207
todo_app/app/models/controllers.top({0x7ff60c602bf0?, 0xc0001b61c0}, 0xffffffffffffffff?)
	C:/Users/owner/go_projects/todo_app/app/models/controllers/route_main.go:14 +0xd6
net/http.HandlerFunc.ServeHTTP(0xc00007db80?, {0x7ff60c602bf0?, 0xc0001b61c0?}, 0x7ff60c07ecc8?)
	C:/Program Files/Go/src/net/http/server.go:2122 +0x2f
net/http.(*ServeMux).ServeHTTP(0x0?, {0x7ff60c602bf0, 0xc0001b61c0}, 0xc00018e000)
	C:/Program Files/Go/src/net/http/server.go:2500 +0x149
net/http.serverHandler.ServeHTTP({0xc000182030?}, {0x7ff60c602bf0, 0xc0001b61c0}, 0xc00018e000)
	C:/Program Files/Go/src/net/http/server.go:2936 +0x316
net/http.(*conn).serve(0xc00012a120, {0x7ff60c602e18, 0xc00007b5f0})
	C:/Program Files/Go/src/net/http/server.go:1995 +0x612
created by net/http.(*Server).Serve
	C:/Program Files/Go/src/net/http/server.go:3089 +0x5ed
2023/04/14 09:46:14 server.go:3217: http: panic serving 127.0.0.1:56635: runtime error: invalid memory address or nil pointer dereference
goroutine 34 [running]:
net/http.(*conn).serve.func1()
	C:/Program Files/Go/src/net/http/server.go:1854 +0xbf
panic({0x7ff60c51bb00, 0x7ff60c4cc0b0})
	C:/Program Files/Go/src/runtime/panic.go:890 +0x263
text/template.errRecover(0xc000193960)
	C:/Program Files/Go/src/text/template/exec.go:170 +0x165
panic({0x7ff60c51bb00, 0x7ff60c4cc0b0})
	C:/Program Files/Go/src/runtime/panic.go:884 +0x213
text/template.(*Template).execute(0x0, {0x7ff60c6009c0?, 0xc0002ac000?}, {0x7ff60c502b60?, 0x7ff60c600070?})
	C:/Program Files/Go/src/text/template/exec.go:221 +0x22c
text/template.(*Template).Execute(...)
	C:/Program Files/Go/src/text/template/exec.go:207
todo_app/app/models/controllers.top({0x7ff60c602bf0?, 0xc0002ac000}, 0xffffffffffffffff?)
	C:/Users/owner/go_projects/todo_app/app/models/controllers/route_main.go:14 +0xd6
net/http.HandlerFunc.ServeHTTP(0xc000280000?, {0x7ff60c602bf0?, 0xc0002ac000?}, 0x7ff60c07ecc8?)
	C:/Program Files/Go/src/net/http/server.go:2122 +0x2f
net/http.(*ServeMux).ServeHTTP(0x0?, {0x7ff60c602bf0, 0xc0002ac000}, 0xc000296000)
	C:/Program Files/Go/src/net/http/server.go:2500 +0x149
net/http.serverHandler.ServeHTTP({0xc000284090?}, {0x7ff60c602bf0, 0xc0002ac000}, 0xc000296000)
	C:/Program Files/Go/src/net/http/server.go:2936 +0x316
net/http.(*conn).serve(0xc000288000, {0x7ff60c602e18, 0xc00007b5f0})
	C:/Program Files/Go/src/net/http/server.go:1995 +0x612
created by net/http.(*Server).Serve
	C:/Program Files/Go/src/net/http/server.go:3089 +0x5ed
2023/04/14 09:46:20 server.go:3217: http: panic serving 127.0.0.1:56640: runtime error: invalid memory address or nil pointer dereference
goroutine 36 [running]:
net/http.(*conn).serve.func1()
	C:/Program Files/Go/src/net/http/server.go:1854 +0xbf
panic({0x7ff60c51bb00, 0x7ff60c4cc0b0})
	C:/Program Files/Go/src/runtime/panic.go:890 +0x263
text/template.errRecover(0xc000193960)
	C:/Program Files/Go/src/text/template/exec.go:170 +0x165
panic({0x7ff60c51bb00, 0x7ff60c4cc0b0})
	C:/Program Files/Go/src/runtime/panic.go:884 +0x213
text/template.(*Template).execute(0x0, {0x7ff60c6009c0?, 0xc0002ac1c0?}, {0x7ff60c502b60?, 0x7ff60c600070?})
	C:/Program Files/Go/src/text/template/exec.go:221 +0x22c
text/template.(*Template).Execute(...)
	C:/Program Files/Go/src/text/template/exec.go:207
todo_app/app/models/controllers.top({0x7ff60c602bf0?, 0xc0002ac1c0}, 0xffffffffffffffff?)
	C:/Users/owner/go_projects/todo_app/app/models/controllers/route_main.go:14 +0xd6
net/http.HandlerFunc.ServeHTTP(0xc000280280?, {0x7ff60c602bf0?, 0xc0002ac1c0?}, 0x7ff60c07ecc8?)
	C:/Program Files/Go/src/net/http/server.go:2122 +0x2f
net/http.(*ServeMux).ServeHTTP(0x0?, {0x7ff60c602bf0, 0xc0002ac1c0}, 0xc000098100)
	C:/Program Files/Go/src/net/http/server.go:2500 +0x149
net/http.serverHandler.ServeHTTP({0xc00008c0c0?}, {0x7ff60c602bf0, 0xc0002ac1c0}, 0xc000098100)
	C:/Program Files/Go/src/net/http/server.go:2936 +0x316
net/http.(*conn).serve(0xc0002881b0, {0x7ff60c602e18, 0xc00007b5f0})
	C:/Program Files/Go/src/net/http/server.go:1995 +0x612
created by net/http.(*Server).Serve
	C:/Program Files/Go/src/net/http/server.go:3089 +0x5ed
2023/04/14 09:46:20 server.go:3217: http: panic serving 127.0.0.1:56641: runtime error: invalid memory address or nil pointer dereference
goroutine 50 [running]:
net/http.(*conn).serve.func1()
	C:/Program Files/Go/src/net/http/server.go:1854 +0xbf
panic({0x7ff60c51bb00, 0x7ff60c4cc0b0})
	C:/Program Files/Go/src/runtime/panic.go:890 +0x263
text/template.errRecover(0xc0002e1960)
	C:/Program Files/Go/src/text/template/exec.go:170 +0x165
panic({0x7ff60c51bb00, 0x7ff60c4cc0b0})
	C:/Program Files/Go/src/runtime/panic.go:884 +0x213
text/template.(*Template).execute(0x0, {0x7ff60c6009c0?, 0xc0000b4000?}, {0x7ff60c502b60?, 0x7ff60c600070?})
	C:/Program Files/Go/src/text/template/exec.go:221 +0x22c
text/template.(*Template).Execute(...)
	C:/Program Files/Go/src/text/template/exec.go:207
todo_app/app/models/controllers.top({0x7ff60c602bf0?, 0xc0000b4000}, 0xffffffffffffffff?)
	C:/Users/owner/go_projects/todo_app/app/models/controllers/route_main.go:14 +0xd6
net/http.HandlerFunc.ServeHTTP(0xc00009a000?, {0x7ff60c602bf0?, 0xc0000b4000?}, 0x7ff60c07ecc8?)
	C:/Program Files/Go/src/net/http/server.go:2122 +0x2f
net/http.(*ServeMux).ServeHTTP(0x0?, {0x7ff60c602bf0, 0xc0000b4000}, 0xc000296100)
	C:/Program Files/Go/src/net/http/server.go:2500 +0x149
net/http.serverHandler.ServeHTTP({0xc000284240?}, {0x7ff60c602bf0, 0xc0000b4000}, 0xc000296100)
	C:/Program Files/Go/src/net/http/server.go:2936 +0x316
net/http.(*conn).serve(0xc0000a0000, {0x7ff60c602e18, 0xc00007b5f0})
	C:/Program Files/Go/src/net/http/server.go:1995 +0x612
created by net/http.(*Server).Serve
	C:/Program Files/Go/src/net/http/server.go:3089 +0x5ed
2023/04/14 09:46:20 server.go:3217: http: panic serving 127.0.0.1:56642: runtime error: invalid memory address or nil pointer dereference
goroutine 52 [running]:
net/http.(*conn).serve.func1()
	C:/Program Files/Go/src/net/http/server.go:1854 +0xbf
panic({0x7ff60c51bb00, 0x7ff60c4cc0b0})
	C:/Program Files/Go/src/runtime/panic.go:890 +0x263
text/template.errRecover(0xc0002e1960)
	C:/Program Files/Go/src/text/template/exec.go:170 +0x165
panic({0x7ff60c51bb00, 0x7ff60c4cc0b0})
	C:/Program Files/Go/src/runtime/panic.go:884 +0x213
text/template.(*Template).execute(0x0, {0x7ff60c6009c0?, 0xc0000b41c0?}, {0x7ff60c502b60?, 0x7ff60c600070?})
	C:/Program Files/Go/src/text/template/exec.go:221 +0x22c
text/template.(*Template).Execute(...)
	C:/Program Files/Go/src/text/template/exec.go:207
todo_app/app/models/controllers.top({0x7ff60c602bf0?, 0xc0000b41c0}, 0xffffffffffffffff?)
	C:/Users/owner/go_projects/todo_app/app/models/controllers/route_main.go:14 +0xd6
net/http.HandlerFunc.ServeHTTP(0xc00009a280?, {0x7ff60c602bf0?, 0xc0000b41c0?}, 0x7ff60c07ecc8?)
	C:/Program Files/Go/src/net/http/server.go:2122 +0x2f
net/http.(*ServeMux).ServeHTTP(0x0?, {0x7ff60c602bf0, 0xc0000b41c0}, 0xc000098200)
	C:/Program Files/Go/src/net/http/server.go:2500 +0x149
net/http.serverHandler.ServeHTTP({0xc00008c360?}, {0x7ff60c602bf0, 0xc0000b41c0}, 0xc000098200)
	C:/Program Files/Go/src/net/http/server.go:2936 +0x316
net/http.(*conn).serve(0xc0000a01b0, {0x7ff60c602e18, 0xc00007b5f0})
	C:/Program Files/Go/src/net/http/server.go:1995 +0x612
created by net/http.(*Server).Serve
	C:/Program Files/Go/src/net/http/server.go:3089 +0x5ed
2023/04/14 09:46:50 server.go:3217: http: panic serving 127.0.0.1:56731: runtime error: invalid memory address or nil pointer dereference
goroutine 38 [running]:
net/http.(*conn).serve.func1()
	C:/Program Files/Go/src/net/http/server.go:1854 +0xbf
panic({0x7ff60c51bb00, 0x7ff60c4cc0b0})
	C:/Program Files/Go/src/runtime/panic.go:890 +0x263
text/template.errRecover(0xc0002e1960)
	C:/Program Files/Go/src/text/template/exec.go:170 +0x165
panic({0x7ff60c51bb00, 0x7ff60c4cc0b0})
	C:/Program Files/Go/src/runtime/panic.go:884 +0x213
text/template.(*Template).execute(0x0, {0x7ff60c6009c0?, 0xc0002ac380?}, {0x7ff60c502b60?, 0x7ff60c600070?})
	C:/Program Files/Go/src/text/template/exec.go:221 +0x22c
text/template.(*Template).Execute(...)
	C:/Program Files/Go/src/text/template/exec.go:207
todo_app/app/models/controllers.top({0x7ff60c602bf0?, 0xc0002ac380}, 0xffffffffffffffff?)
	C:/Users/owner/go_projects/todo_app/app/models/controllers/route_main.go:14 +0xd6
net/http.HandlerFunc.ServeHTTP(0xc000280500?, {0x7ff60c602bf0?, 0xc0002ac380?}, 0x7ff60c07ecc8?)
	C:/Program Files/Go/src/net/http/server.go:2122 +0x2f
net/http.(*ServeMux).ServeHTTP(0x0?, {0x7ff60c602bf0, 0xc0002ac380}, 0xc000296200)
	C:/Program Files/Go/src/net/http/server.go:2500 +0x149
net/http.serverHandler.ServeHTTP({0xc0002843f0?}, {0x7ff60c602bf0, 0xc0002ac380}, 0xc000296200)
	C:/Program Files/Go/src/net/http/server.go:2936 +0x316
net/http.(*conn).serve(0xc000288360, {0x7ff60c602e18, 0xc00007b5f0})
	C:/Program Files/Go/src/net/http/server.go:1995 +0x612
created by net/http.(*Server).Serve
	C:/Program Files/Go/src/net/http/server.go:3089 +0x5ed
2023/04/14 09:46:50 server.go:3217: http: panic serving 127.0.0.1:56732: runtime error: invalid memory address or nil pointer dereference
goroutine 39 [running]:
net/http.(*conn).serve.func1()
	C:/Program Files/Go/src/net/http/server.go:1854 +0xbf
panic({0x7ff60c51bb00, 0x7ff60c4cc0b0})
	C:/Program Files/Go/src/runtime/panic.go:890 +0x263
text/template.errRecover(0xc0002dd960)
	C:/Program Files/Go/src/text/template/exec.go:170 +0x165
panic({0x7ff60c51bb00, 0x7ff60c4cc0b0})
	C:/Program Files/Go/src/runtime/panic.go:884 +0x213
text/template.(*Template).execute(0x0, {0x7ff60c6009c0?, 0xc0001b6380?}, {0x7ff60c502b60?, 0x7ff60c600070?})
	C:/Program Files/Go/src/text/template/exec.go:221 +0x22c
text/template.(*Template).Execute(...)
	C:/Program Files/Go/src/text/template/exec.go:207
todo_app/app/models/controllers.top({0x7ff60c602bf0?, 0xc0001b6380}, 0xffffffffffffffff?)
	C:/Users/owner/go_projects/todo_app/app/models/controllers/route_main.go:14 +0xd6
net/http.HandlerFunc.ServeHTTP(0xc000280780?, {0x7ff60c602bf0?, 0xc0001b6380?}, 0x7ff60c07ecc8?)
	C:/Program Files/Go/src/net/http/server.go:2122 +0x2f
net/http.(*ServeMux).ServeHTTP(0x0?, {0x7ff60c602bf0, 0xc0001b6380}, 0xc000296300)
	C:/Program Files/Go/src/net/http/server.go:2500 +0x149
net/http.serverHandler.ServeHTTP({0xc0002844b0?}, {0x7ff60c602bf0, 0xc0001b6380}, 0xc000296300)
	C:/Program Files/Go/src/net/http/server.go:2936 +0x316
net/http.(*conn).serve(0xc0002883f0, {0x7ff60c602e18, 0xc00007b5f0})
	C:/Program Files/Go/src/net/http/server.go:1995 +0x612
created by net/http.(*Server).Serve
	C:/Program Files/Go/src/net/http/server.go:3089 +0x5ed
2023/04/14 09:46:50 server.go:3217: http: panic serving 127.0.0.1:56733: runtime error: invalid memory address or nil pointer dereference
goroutine 41 [running]:
net/http.(*conn).serve.func1()
	C:/Program Files/Go/src/net/http/server.go:1854 +0xbf
panic({0x7ff60c51bb00, 0x7ff60c4cc0b0})
	C:/Program Files/Go/src/runtime/panic.go:890 +0x263
text/template.errRecover(0xc0002e1960)
	C:/Program Files/Go/src/text/template/exec.go:170 +0x165
panic({0x7ff60c51bb00, 0x7ff60c4cc0b0})
	C:/Program Files/Go/src/runtime/panic.go:884 +0x213
text/template.(*Template).execute(0x0, {0x7ff60c6009c0?, 0xc0002ac540?}, {0x7ff60c502b60?, 0x7ff60c600070?})
	C:/Program Files/Go/src/text/template/exec.go:221 +0x22c
text/template.(*Template).Execute(...)
	C:/Program Files/Go/src/text/template/exec.go:207
todo_app/app/models/controllers.top({0x7ff60c602bf0?, 0xc0002ac540}, 0xffffffffffffffff?)
	C:/Users/owner/go_projects/todo_app/app/models/controllers/route_main.go:14 +0xd6
net/http.HandlerFunc.ServeHTTP(0xc000280a00?, {0x7ff60c602bf0?, 0xc0002ac540?}, 0x7ff60c07ecc8?)
	C:/Program Files/Go/src/net/http/server.go:2122 +0x2f
net/http.(*ServeMux).ServeHTTP(0x0?, {0x7ff60c602bf0, 0xc0002ac540}, 0xc000296500)
	C:/Program Files/Go/src/net/http/server.go:2500 +0x149
net/http.serverHandler.ServeHTTP({0xc000284690?}, {0x7ff60c602bf0, 0xc0002ac540}, 0xc000296500)
	C:/Program Files/Go/src/net/http/server.go:2936 +0x316
net/http.(*conn).serve(0xc0002885a0, {0x7ff60c602e18, 0xc00007b5f0})
	C:/Program Files/Go/src/net/http/server.go:1995 +0x612
created by net/http.(*Server).Serve
	C:/Program Files/Go/src/net/http/server.go:3089 +0x5ed
2023/04/14 09:47:50 server.go:3217: http: panic serving 127.0.0.1:50394: runtime error: invalid memory address or nil pointer dereference
goroutine 54 [running]:
net/http.(*conn).serve.func1()
	C:/Program Files/Go/src/net/http/server.go:1854 +0xbf
panic({0x7ff60c51bb00, 0x7ff60c4cc0b0})
	C:/Program Files/Go/src/runtime/panic.go:890 +0x263
text/template.errRecover(0xc0002e1960)
	C:/Program Files/Go/src/text/template/exec.go:170 +0x165
panic({0x7ff60c51bb00, 0x7ff60c4cc0b0})
	C:/Program Files/Go/src/runtime/panic.go:884 +0x213
text/template.(*Template).execute(0x0, {0x7ff60c6009c0?, 0xc0001b6540?}, {0x7ff60c502b60?, 0x7ff60c600070?})
	C:/Program Files/Go/src/text/template/exec.go:221 +0x22c
text/template.(*Template).Execute(...)
	C:/Program Files/Go/src/text/template/exec.go:207
todo_app/app/models/controllers.top({0x7ff60c602bf0?, 0xc0001b6540}, 0xffffffffffffffff?)
	C:/Users/owner/go_projects/todo_app/app/models/controllers/route_main.go:14 +0xd6
net/http.HandlerFunc.ServeHTTP(0xc00009a500?, {0x7ff60c602bf0?, 0xc0001b6540?}, 0x7ff60c07ecc8?)
	C:/Program Files/Go/src/net/http/server.go:2122 +0x2f
net/http.(*ServeMux).ServeHTTP(0x0?, {0x7ff60c602bf0, 0xc0001b6540}, 0xc00018e300)
	C:/Program Files/Go/src/net/http/server.go:2500 +0x149
net/http.serverHandler.ServeHTTP({0xc000182450?}, {0x7ff60c602bf0, 0xc0001b6540}, 0xc00018e300)
	C:/Program Files/Go/src/net/http/server.go:2936 +0x316
net/http.(*conn).serve(0xc0000a0360, {0x7ff60c602e18, 0xc00007b5f0})
	C:/Program Files/Go/src/net/http/server.go:1995 +0x612
created by net/http.(*Server).Serve
	C:/Program Files/Go/src/net/http/server.go:3089 +0x5ed
